Scanning examples...done
Reading examples into memory...100..200..300..400..500..OK. (526 examples read)
Setting default regularization parameter C=0.5000
Optimizing.........................................................................................................................................................................................................................................
 Checking optimality of inactive variables...done.
 Number of inactive variables = 144
done. (234 iterations)
Optimization finished (111 misclassified, maxdiff=0.00093).
Runtime in cpu-seconds: 0.05
Number of SV: 515 (including 157 at upper bound)
L1 loss: loss=169.08128
Norm of weight vector: |w|=8.67596
Norm of longest example vector: |x|=1.00000
Estimated VCdim of classifier: VCdim<=151.54470
Computing XiAlpha-estimates...done
Runtime for XiAlpha-estimates in cpu-seconds: 0.00
XiAlpha-estimate of the error: error<=29.85% (rho=1.00,depth=0)
XiAlpha-estimate of the recall: recall=>3.09% (rho=1.00,depth=0)
XiAlpha-estimate of the precision: precision=>100.00% (rho=1.00,depth=0)
Number of kernel evaluations: 158200
Writing model file...done
