Scanning examples...done
Reading examples into memory...100..200..300..400..500..OK. (526 examples read)
Setting default regularization parameter C=0.0000
Optimizing..........................................................................................................................................................................................................................................................................................................................................................................................................................................................................................................................................................................................................................................................................................................................................................................................................................................................................................................................................................................................................................................................................................................................................................................................................................................................................................................................................................................................................................................................................................................................................................................................................................................................................................................................................................................................................................................................................................................................................................................................................................................................................................................................................................................................................................................................................................................................................................................................................................................................................................................................................................................................................
WARNING: Relaxing epsilon on KT-Conditions (0.010000).
...............................................................................................................................................................................................................................................................................................................................................................................................................................................................................................................................................................................................................................................................................................................................................................................................................................................................................................................................................................................................................................................................................................................................................................................................................................................................................................................................................................................................................................
WARNING: Relaxing epsilon on KT-Conditions (0.100000).
.........................................................................................................................................
 Checking optimality of inactive variables...done.
 Number of inactive variables = 157
done. (4019 iterations)
Optimization finished (155 misclassified, maxdiff=0.09534).
Runtime in cpu-seconds: 1648.20
Number of SV: 325 (including 304 at upper bound)
L1 loss: loss=303.58878
Norm of weight vector: |w|=0.00001
Norm of longest example vector: |x|=9387080.21584
Estimated VCdim of classifier: VCdim<=9153.54745
Computing XiAlpha-estimates...done
Runtime for XiAlpha-estimates in cpu-seconds: 0.00
XiAlpha-estimate of the error: error<=61.41% (rho=1.00,depth=0)
XiAlpha-estimate of the recall: recall=>3.70% (rho=1.00,depth=0)
XiAlpha-estimate of the precision: precision=>3.47% (rho=1.00,depth=0)
Number of kernel evaluations: 362085
Writing model file...done
