
### Iteration 1 ###


Evaluation on training data (963 items):

	 Before Pruning           After Pruning
	----------------   ---------------------------
	Size      Errors   Size      Errors   Estimate

	 135   59( 6.1%)     67   74( 7.7%)    (13.0%)   <<

Evaluation on test data (214 items):

	 Before Pruning           After Pruning
	----------------   ---------------------------
	Size      Errors   Size      Errors   Estimate

	 135    9( 4.2%)     67   14( 6.5%)    (13.0%)   <<


	  (a)  (b)	<-classified as
	 ---- ----
	   78    7	(a): class 1
	    7  122	(b): class 0


### Iteration 2 ###


Evaluation on training data (931 items):

	 Before Pruning           After Pruning
	----------------   ---------------------------
	Size      Errors   Size      Errors   Estimate

	 143   56( 6.0%)     71   76( 8.2%)    (13.9%)   <<

Evaluation on test data (214 items):

	 Before Pruning           After Pruning
	----------------   ---------------------------
	Size      Errors   Size      Errors   Estimate

	 143   13( 6.1%)     71   21( 9.8%)    (13.9%)   <<


	  (a)  (b)	<-classified as
	 ---- ----
	   69   16	(a): class 1
	    5  124	(b): class 0


### Iteration 3 ###


Evaluation on training data (903 items):

	 Before Pruning           After Pruning
	----------------   ---------------------------
	Size      Errors   Size      Errors   Estimate

	 131   50( 5.5%)     51   71( 7.9%)    (12.5%)   <<

Evaluation on test data (214 items):

	 Before Pruning           After Pruning
	----------------   ---------------------------
	Size      Errors   Size      Errors   Estimate

	 131   17( 7.9%)     51   23(10.7%)    (12.5%)   <<


	  (a)  (b)	<-classified as
	 ---- ----
	   67   18	(a): class 1
	    5  124	(b): class 0


### Iteration 4 ###


Evaluation on training data (988 items):

	 Before Pruning           After Pruning
	----------------   ---------------------------
	Size      Errors   Size      Errors   Estimate

	 157   64( 6.5%)     53   90( 9.1%)    (13.5%)   <<

Evaluation on test data (214 items):

	 Before Pruning           After Pruning
	----------------   ---------------------------
	Size      Errors   Size      Errors   Estimate

	 157   19( 8.9%)     53   23(10.7%)    (13.5%)   <<


	  (a)  (b)	<-classified as
	 ---- ----
	   69   16	(a): class 1
	    7  122	(b): class 0


### Iteration 5 ###


Evaluation on training data (1008 items):

	 Before Pruning           After Pruning
	----------------   ---------------------------
	Size      Errors   Size      Errors   Estimate

	 153   64( 6.3%)     53   87( 8.6%)    (12.9%)   <<

Evaluation on test data (214 items):

	 Before Pruning           After Pruning
	----------------   ---------------------------
	Size      Errors   Size      Errors   Estimate

	 153   17( 7.9%)     53   22(10.3%)    (12.9%)   <<


	  (a)  (b)	<-classified as
	 ---- ----
	   70   15	(a): class 1
	    7  122	(b): class 0


### Iteration 6 ###


Evaluation on training data (935 items):

	 Before Pruning           After Pruning
	----------------   ---------------------------
	Size      Errors   Size      Errors   Estimate

	 169   51( 5.5%)     65   75( 8.0%)    (13.4%)   <<

Evaluation on test data (214 items):

	 Before Pruning           After Pruning
	----------------   ---------------------------
	Size      Errors   Size      Errors   Estimate

	 169    9( 4.2%)     65   13( 6.1%)    (13.4%)   <<


	  (a)  (b)	<-classified as
	 ---- ----
	   76    9	(a): class 1
	    4  125	(b): class 0


### Iteration 7 ###


Evaluation on training data (957 items):

	 Before Pruning           After Pruning
	----------------   ---------------------------
	Size      Errors   Size      Errors   Estimate

	 149   62( 6.5%)     59   84( 8.8%)    (13.7%)   <<

Evaluation on test data (214 items):

	 Before Pruning           After Pruning
	----------------   ---------------------------
	Size      Errors   Size      Errors   Estimate

	 149   17( 7.9%)     59   25(11.7%)    (13.7%)   <<


	  (a)  (b)	<-classified as
	 ---- ----
	   68   17	(a): class 1
	    8  121	(b): class 0


### Iteration 8 ###


Evaluation on training data (956 items):

	 Before Pruning           After Pruning
	----------------   ---------------------------
	Size      Errors   Size      Errors   Estimate

	 157   58( 6.1%)     55   87( 9.1%)    (13.8%)   <<

Evaluation on test data (214 items):

	 Before Pruning           After Pruning
	----------------   ---------------------------
	Size      Errors   Size      Errors   Estimate

	 157   13( 6.1%)     55   16( 7.5%)    (13.8%)   <<


	  (a)  (b)	<-classified as
	 ---- ----
	   76    9	(a): class 1
	    7  122	(b): class 0


### Iteration 9 ###


Evaluation on training data (948 items):

	 Before Pruning           After Pruning
	----------------   ---------------------------
	Size      Errors   Size      Errors   Estimate

	 161   56( 5.9%)     71   76( 8.0%)    (13.7%)   <<

Evaluation on test data (214 items):

	 Before Pruning           After Pruning
	----------------   ---------------------------
	Size      Errors   Size      Errors   Estimate

	 161   13( 6.1%)     71   23(10.7%)    (13.7%)   <<


	  (a)  (b)	<-classified as
	 ---- ----
	   68   17	(a): class 1
	    6  123	(b): class 0


### Iteration 10 ###


Evaluation on training data (965 items):

	 Before Pruning           After Pruning
	----------------   ---------------------------
	Size      Errors   Size      Errors   Estimate

	 169   46( 4.8%)     51   78( 8.1%)    (12.4%)   <<

Evaluation on test data (214 items):

	 Before Pruning           After Pruning
	----------------   ---------------------------
	Size      Errors   Size      Errors   Estimate

	 169   14( 6.5%)     51   23(10.7%)    (12.4%)   <<


	  (a)  (b)	<-classified as
	 ---- ----
	   68   17	(a): class 1
	    6  123	(b): class 0


### Summary ###

Average Training Accuracy: 0.9165504

Average Testing Accuracy: 0.90514

