
### Iteration 1 ###


Evaluation on training data (1092 items):

	 Before Pruning           After Pruning
	----------------   ---------------------------
	Size      Errors   Size      Errors   Estimate

	 141   66( 6.0%)     83   78( 7.1%)    (12.6%)   <<

Evaluation on test data (229 items):

	 Before Pruning           After Pruning
	----------------   ---------------------------
	Size      Errors   Size      Errors   Estimate

	 141   16( 7.0%)     83   18( 7.9%)    (12.6%)   <<


	  (a)  (b)	<-classified as
	 ---- ----
	   76   14	(a): class 1
	    4  135	(b): class 0


### Iteration 2 ###


Evaluation on training data (1005 items):

	 Before Pruning           After Pruning
	----------------   ---------------------------
	Size      Errors   Size      Errors   Estimate

	 137   59( 5.9%)     65   80( 8.0%)    (12.8%)   <<

Evaluation on test data (229 items):

	 Before Pruning           After Pruning
	----------------   ---------------------------
	Size      Errors   Size      Errors   Estimate

	 137   11( 4.8%)     65   18( 7.9%)    (12.8%)   <<


	  (a)  (b)	<-classified as
	 ---- ----
	   77   13	(a): class 1
	    5  134	(b): class 0


### Iteration 3 ###


Evaluation on training data (1151 items):

	 Before Pruning           After Pruning
	----------------   ---------------------------
	Size      Errors   Size      Errors   Estimate

	 165   68( 5.9%)     61   97( 8.4%)    (12.6%)   <<

Evaluation on test data (229 items):

	 Before Pruning           After Pruning
	----------------   ---------------------------
	Size      Errors   Size      Errors   Estimate

	 165   13( 5.7%)     61   19( 8.3%)    (12.6%)   <<


	  (a)  (b)	<-classified as
	 ---- ----
	   77   13	(a): class 1
	    6  133	(b): class 0


### Iteration 4 ###


Evaluation on training data (1019 items):

	 Before Pruning           After Pruning
	----------------   ---------------------------
	Size      Errors   Size      Errors   Estimate

	 153   51( 5.0%)     87   67( 6.6%)    (12.7%)   <<

Evaluation on test data (229 items):

	 Before Pruning           After Pruning
	----------------   ---------------------------
	Size      Errors   Size      Errors   Estimate

	 153   17( 7.4%)     87   24(10.5%)    (12.7%)   <<


	  (a)  (b)	<-classified as
	 ---- ----
	   74   16	(a): class 1
	    8  131	(b): class 0


### Iteration 5 ###


Evaluation on training data (998 items):

	 Before Pruning           After Pruning
	----------------   ---------------------------
	Size      Errors   Size      Errors   Estimate

	 139   60( 6.0%)     69   79( 7.9%)    (13.2%)   <<

Evaluation on test data (229 items):

	 Before Pruning           After Pruning
	----------------   ---------------------------
	Size      Errors   Size      Errors   Estimate

	 139   16( 7.0%)     69   22( 9.6%)    (13.2%)   <<


	  (a)  (b)	<-classified as
	 ---- ----
	   72   18	(a): class 1
	    4  135	(b): class 0


### Iteration 6 ###


Evaluation on training data (968 items):

	 Before Pruning           After Pruning
	----------------   ---------------------------
	Size      Errors   Size      Errors   Estimate

	 133   56( 5.8%)     71   70( 7.2%)    (12.6%)   <<

Evaluation on test data (229 items):

	 Before Pruning           After Pruning
	----------------   ---------------------------
	Size      Errors   Size      Errors   Estimate

	 133   13( 5.7%)     71   16( 7.0%)    (12.6%)   <<


	  (a)  (b)	<-classified as
	 ---- ----
	   77   13	(a): class 1
	    3  136	(b): class 0


### Iteration 7 ###


Evaluation on training data (1029 items):

	 Before Pruning           After Pruning
	----------------   ---------------------------
	Size      Errors   Size      Errors   Estimate

	 125   63( 6.1%)     65   80( 7.8%)    (12.6%)   <<

Evaluation on test data (229 items):

	 Before Pruning           After Pruning
	----------------   ---------------------------
	Size      Errors   Size      Errors   Estimate

	 125   18( 7.9%)     65   20( 8.7%)    (12.6%)   <<


	  (a)  (b)	<-classified as
	 ---- ----
	   78   12	(a): class 1
	    8  131	(b): class 0


### Iteration 8 ###


Evaluation on training data (1074 items):

	 Before Pruning           After Pruning
	----------------   ---------------------------
	Size      Errors   Size      Errors   Estimate

	 145   64( 6.0%)     57   86( 8.0%)    (12.3%)   <<

Evaluation on test data (229 items):

	 Before Pruning           After Pruning
	----------------   ---------------------------
	Size      Errors   Size      Errors   Estimate

	 145   10( 4.4%)     57   12( 5.2%)    (12.3%)   <<


	  (a)  (b)	<-classified as
	 ---- ----
	   84    6	(a): class 1
	    6  133	(b): class 0


### Iteration 9 ###


Evaluation on training data (1027 items):

	 Before Pruning           After Pruning
	----------------   ---------------------------
	Size      Errors   Size      Errors   Estimate

	 141   59( 5.7%)     83   70( 6.8%)    (12.6%)   <<

Evaluation on test data (229 items):

	 Before Pruning           After Pruning
	----------------   ---------------------------
	Size      Errors   Size      Errors   Estimate

	 141   21( 9.2%)     83   21( 9.2%)    (12.6%)   <<


	  (a)  (b)	<-classified as
	 ---- ----
	   78   12	(a): class 1
	    9  130	(b): class 0


### Iteration 10 ###


Evaluation on training data (988 items):

	 Before Pruning           After Pruning
	----------------   ---------------------------
	Size      Errors   Size      Errors   Estimate

	 135   59( 6.0%)     71   75( 7.6%)    (12.9%)   <<

Evaluation on test data (229 items):

	 Before Pruning           After Pruning
	----------------   ---------------------------
	Size      Errors   Size      Errors   Estimate

	 135   19( 8.3%)     71   22( 9.6%)    (12.9%)   <<


	  (a)  (b)	<-classified as
	 ---- ----
	   76   14	(a): class 1
	    8  131	(b): class 0


### Summary ###

Average Training Accuracy: 0.9245581

Average Testing Accuracy: 0.9161571

